<?xml version="1.0" encoding="UTF-8"?>
<!-- Generated by org.testng.reporters.JUnitReportReporter -->
<testsuite hostname="Ankita_Bhat" failures="0" tests="2" name="com.automationScript.TestAnnotation" time="0.006" errors="0" timestamp="2024-07-15T18:22:04 CEST" skipped="0">
  <testcase classname="com.automationScript.TestAnnotation" name="TestChrome" time="0.001"/>
  <testcase classname="com.automationScript.TestAnnotation" name="TestChrome" time="0.005"/>
</testsuite> <!-- com.automationScript.TestAnnotation -->
