<?xml version="1.0" encoding="UTF-8"?>
<!-- Generated by org.testng.reporters.JUnitReportReporter -->
<testsuite hostname="Ankita_Bhat" failures="0" tests="1" name="utils.TestBase" time="9.034" errors="0" timestamp="2024-07-04T17:25:53 CEST" skipped="0">
  <testcase classname="utils.TestBase" name="initialization" time="9.034"/>
</testsuite> <!-- utils.TestBase -->
