<?xml version="1.0" encoding="UTF-8"?>
<!-- Generated by org.testng.reporters.JUnitReportReporter -->
<testsuite hostname="Ankita_Bhat" failures="0" tests="1" name="com.automationScript.LoginScript" time="5.823" errors="0" timestamp="2024-07-10T12:33:40 CEST" skipped="0">
  <testcase classname="com.automationScript.LoginScript" name="loginTest" time="5.823"/>
</testsuite> <!-- com.automationScript.LoginScript -->
