<?xml version="1.0" encoding="UTF-8"?>
<!-- Generated by org.testng.reporters.JUnitReportReporter -->
<testsuite hostname="Ankita_Bhat" failures="0" tests="2" name="com.automationScript.LoginScript" time="6.550" errors="0" timestamp="2024-07-15T18:26:18 CEST" skipped="0">
  <testcase classname="com.automationScript.LoginScript" name="loginTest" time="3.671"/>
  <testcase classname="com.automationScript.LoginScript" name="loginTest" time="2.879"/>
</testsuite> <!-- com.automationScript.LoginScript -->
